04:30:03.081 [Thread-4] INFO  sys-user - [shutdownAsyncManager,31] - ====关闭后台任务任务线程池====
04:30:04.071 [restartedMain] INFO  sys-user - [shutdownAsyncManager,31] - ====关闭后台任务任务线程池====
04:31:37.157 [restartedMain] INFO  sys-user - [shutdownAsyncManager,31] - ====关闭后台任务任务线程池====
04:31:40.599 [restartedMain] INFO  sys-user - [shutdownAsyncManager,31] - ====关闭后台任务任务线程池====
04:31:42.955 [restartedMain] INFO  sys-user - [shutdownAsyncManager,31] - ====关闭后台任务任务线程池====
04:31:45.270 [restartedMain] INFO  sys-user - [shutdownAsyncManager,31] - ====关闭后台任务任务线程池====
04:32:08.983 [Thread-10] INFO  sys-user - [shutdownAsyncManager,31] - ====关闭后台任务任务线程池====
04:32:26.117 [Thread-32] INFO  sys-user - [shutdownAsyncManager,31] - ====关闭后台任务任务线程池====
04:32:42.119 [Thread-39] INFO  sys-user - [shutdownAsyncManager,31] - ====关闭后台任务任务线程池====
04:32:55.535 [schedule-pool-1] INFO  sys-user - [run,55] - [127.0.0.1]内网IP[admin][Success][登录成功]
04:43:01.570 [Thread-49] INFO  sys-user - [shutdownAsyncManager,31] - ====关闭后台任务任务线程池====
04:43:04.369 [Thread-56] INFO  sys-user - [shutdownAsyncManager,31] - ====关闭后台任务任务线程池====
04:43:39.012 [Thread-63] INFO  sys-user - [shutdownAsyncManager,31] - ====关闭后台任务任务线程池====
04:44:16.780 [Thread-70] INFO  sys-user - [shutdownAsyncManager,31] - ====关闭后台任务任务线程池====
04:44:25.654 [Thread-77] INFO  sys-user - [shutdownAsyncManager,31] - ====关闭后台任务任务线程池====
04:46:12.972 [SpringApplicationShutdownHook] INFO  sys-user - [shutdownAsyncManager,31] - ====关闭后台任务任务线程池====
04:54:15.399 [Thread-4] INFO  sys-user - [shutdownAsyncManager,31] - ====关闭后台任务任务线程池====
04:54:21.406 [Thread-10] INFO  sys-user - [shutdownAsyncManager,31] - ====关闭后台任务任务线程池====
04:55:01.366 [Thread-17] INFO  sys-user - [shutdownAsyncManager,31] - ====关闭后台任务任务线程池====
04:55:29.706 [schedule-pool-1] INFO  sys-user - [run,55] - [127.0.0.1]内网IP[admin][Logout][退出成功]
04:55:41.354 [schedule-pool-1] INFO  sys-user - [run,55] - [127.0.0.1]内网IP[admin][Success][登录成功]
04:57:51.412 [Thread-24] INFO  sys-user - [shutdownAsyncManager,31] - ====关闭后台任务任务线程池====
04:58:25.089 [Thread-31] INFO  sys-user - [shutdownAsyncManager,31] - ====关闭后台任务任务线程池====
04:58:45.342 [Thread-38] INFO  sys-user - [shutdownAsyncManager,31] - ====关闭后台任务任务线程池====
05:00:01.242 [Thread-45] INFO  sys-user - [shutdownAsyncManager,31] - ====关闭后台任务任务线程池====
05:00:14.276 [Thread-55] INFO  sys-user - [shutdownAsyncManager,31] - ====关闭后台任务任务线程池====
05:00:24.433 [SpringApplicationShutdownHook] INFO  sys-user - [shutdownAsyncManager,31] - ====关闭后台任务任务线程池====
05:00:40.993 [schedule-pool-1] INFO  sys-user - [run,55] - [127.0.0.1]内网IP[admin][Logout][退出成功]
05:00:48.878 [schedule-pool-1] INFO  sys-user - [run,55] - [127.0.0.1]内网IP[admin][Error][验证码错误]
05:00:55.033 [schedule-pool-2] INFO  sys-user - [run,55] - [127.0.0.1]内网IP[admin][Success][登录成功]
05:02:12.737 [Thread-4] INFO  sys-user - [shutdownAsyncManager,31] - ====关闭后台任务任务线程池====
05:02:20.738 [Thread-10] INFO  sys-user - [shutdownAsyncManager,31] - ====关闭后台任务任务线程池====
05:02:24.545 [Thread-17] INFO  sys-user - [shutdownAsyncManager,31] - ====关闭后台任务任务线程池====
05:02:38.691 [Thread-24] INFO  sys-user - [shutdownAsyncManager,31] - ====关闭后台任务任务线程池====
05:03:02.719 [SpringApplicationShutdownHook] INFO  sys-user - [shutdownAsyncManager,31] - ====关闭后台任务任务线程池====
05:04:39.442 [SpringApplicationShutdownHook] INFO  sys-user - [shutdownAsyncManager,31] - ====关闭后台任务任务线程池====
05:10:03.224 [Thread-4] INFO  sys-user - [shutdownAsyncManager,31] - ====关闭后台任务任务线程池====
05:10:07.199 [Thread-10] INFO  sys-user - [shutdownAsyncManager,31] - ====关闭后台任务任务线程池====
05:10:16.239 [Thread-17] INFO  sys-user - [shutdownAsyncManager,31] - ====关闭后台任务任务线程池====
05:10:31.441 [Thread-24] INFO  sys-user - [shutdownAsyncManager,31] - ====关闭后台任务任务线程池====
05:10:40.757 [Thread-31] INFO  sys-user - [shutdownAsyncManager,31] - ====关闭后台任务任务线程池====
05:10:48.228 [SpringApplicationShutdownHook] INFO  sys-user - [shutdownAsyncManager,31] - ====关闭后台任务任务线程池====
05:11:39.336 [schedule-pool-1] INFO  sys-user - [run,55] - [127.0.0.1]内网IP[admin][Success][登录成功]
05:13:30.066 [Thread-4] INFO  sys-user - [shutdownAsyncManager,31] - ====关闭后台任务任务线程池====
05:13:42.270 [Thread-10] INFO  sys-user - [shutdownAsyncManager,31] - ====关闭后台任务任务线程池====
05:13:54.397 [Thread-17] INFO  sys-user - [shutdownAsyncManager,31] - ====关闭后台任务任务线程池====
05:14:13.672 [Thread-24] INFO  sys-user - [shutdownAsyncManager,31] - ====关闭后台任务任务线程池====
05:16:10.917 [SpringApplicationShutdownHook] INFO  sys-user - [shutdownAsyncManager,31] - ====关闭后台任务任务线程池====
